This is pdfTeX, Version 3.14159265-2.6-1.40.18 (TeX Live 2017/Debian) (preloaded format=pdflatex 2018.6.25)  17 JUL 2018 13:39
entering extended mode
 restricted \write18 enabled.
 %&-line parsing enabled.
**flpapp.tex
(./flpapp.tex
LaTeX2e <2017-04-15>
Babel <3.18> and hyphenation patterns for 84 language(s) loaded.
(/usr/share/texlive/texmf-dist/tex/latex/base/letter.cls
Document Class: letter 2014/09/29 v1.2z Standard LaTeX document class
(/usr/share/texlive/texmf-dist/tex/latex/base/size10.clo
File: size10.clo 2014/09/29 v1.4h Standard LaTeX file (size option)
)
\longindentation=\dimen102
\indentedwidth=\dimen103
\labelcount=\count79
)
(/usr/share/texlive/texmf-dist/tex/latex/tfrupee/tfrupee.sty
Package: tfrupee 2010/12/15 LaTeX Support for the TechFat Rupee symbols by Tech
Fat (http://techfat.blogspot.com/2010/07/new-open-source-india-rupee-font.html)
. Adapted for use with TeX by Palle Jorgensen, hamselv(a)pallej.dk
) (./flpapp.aux)
\openout1 = `flpapp.aux'.

LaTeX Font Info:    Checking defaults for OML/cmm/m/it on input line 5.
LaTeX Font Info:    ... okay on input line 5.
LaTeX Font Info:    Checking defaults for T1/cmr/m/n on input line 5.
LaTeX Font Info:    ... okay on input line 5.
LaTeX Font Info:    Checking defaults for OT1/cmr/m/n on input line 5.
LaTeX Font Info:    ... okay on input line 5.
LaTeX Font Info:    Checking defaults for OMS/cmsy/m/n on input line 5.
LaTeX Font Info:    ... okay on input line 5.
LaTeX Font Info:    Checking defaults for OMX/cmex/m/n on input line 5.
LaTeX Font Info:    ... okay on input line 5.
LaTeX Font Info:    Checking defaults for U/cmr/m/n on input line 5.
LaTeX Font Info:    ... okay on input line 5.

Overfull \hbox (11.99689pt too wide) in paragraph at lines 9--9
[]\OT1/cmtt/m/n/10 I have paid IIT Kanpur for Foreign Language Program and mess
 dues of
 []


Overfull \hbox (1.49698pt too wide) in paragraph at lines 9--9
\OT1/cmtt/m/n/10 June `18. I am attaching SBI collect Receipts of the transacti
ons
 []


Overfull \hbox (27.74675pt too wide) in paragraph at lines 9--9
\OT1/cmtt/m/n/10 with this application. Also I have to pay Registration fee for
 Session
 []


Overfull \hbox (11.99689pt too wide) in paragraph at lines 9--9
\OT1/cmtt/m/n/10 2018-19 Ist semester. I am attaching fee structure of the same
 with
 []


Overfull \hbox (22.4968pt too wide) in paragraph at lines 9--9
\OT1/cmtt/m/n/10 it. Applicable category is Undergraduate 2016 batch Most Econo
mically
 []

! Misplaced \noalign.
\hline ->\noalign 
                  {\ifnum 0=`}\fi \hrule \@height \arrayrulewidth \futurelet...
l.14 \hline
           
I expect to see \noalign only after the \cr of
an alignment. Proceed, and I'll ignore this case.

! Extra }, or forgotten \endgroup.
l.17 ...n account to Saving Bank Account. Thanks.}
                                                  
I've deleted a group-closing symbol because it seems to be
spurious, as in `$x}$'. But perhaps the } is legitimate and
you forgot something else, as in `\hbox{$x}'. In such cases
the way to recover is to insert both the forgotten and the
deleted material, e.g., by typing `I$}'.


Overfull \hbox (27.74675pt too wide) in paragraph at lines 17--18
[]\OT1/cmtt/m/n/10 Kindly, transfer amount of RUPEES TWENTY-TWO THOUSAND AND SE
VENTY-THREE
 []

LaTeX Font Info:    External font `cmex10' loaded for size
(Font)              <7> on input line 18.
LaTeX Font Info:    External font `cmex10' loaded for size
(Font)              <5> on input line 18.
[1

{/var/lib/texmf/fonts/map/pdftex/updmap/pdftex.map}] (./flpapp.aux) ) 
Here is how much of TeX's memory you used:
 154 strings out of 492982
 1719 string characters out of 6134896
 55917 words of memory out of 5000000
 3800 multiletter control sequences out of 15000+600000
 4236 words of font info for 16 fonts, out of 8000000 for 9000
 1141 hyphenation exceptions out of 8191
 23i,6n,18p,372b,196s stack positions out of 5000i,500n,10000p,200000b,80000s
</usr/shar
e/texlive/texmf-dist/fonts/type1/public/amsfonts/cm/cmtt10.pfb></usr/share/texl
ive/texmf-dist/fonts/type1/public/tfrupee/tfrupee.pfb>
Output written on flpapp.pdf (1 page, 110797 bytes).
PDF statistics:
 16 PDF objects out of 1000 (max. 8388607)
 10 compressed objects within 1 object stream
 0 named destinations out of 1000 (max. 500000)
 1 words of extra memory for PDF output out of 10000 (max. 10000000)

