This is pdfTeX, Version 3.14159265-2.6-1.40.18 (TeX Live 2017/Debian) (preloaded format=pdflatex 2018.6.25)  19 JUL 2018 09:58
entering extended mode
 restricted \write18 enabled.
 %&-line parsing enabled.
**skt.tex
(./skt.tex
LaTeX2e <2017-04-15>
Babel <3.18> and hyphenation patterns for 84 language(s) loaded.
(/usr/share/texlive/texmf-dist/tex/latex/base/article.cls
Document Class: article 2014/09/29 v1.4h Standard LaTeX document class
(/usr/share/texlive/texmf-dist/tex/latex/base/size12.clo
File: size12.clo 2014/09/29 v1.4h Standard LaTeX file (size option)
)
\c@part=\count79
\c@section=\count80
\c@subsection=\count81
\c@subsubsection=\count82
\c@paragraph=\count83
\c@subparagraph=\count84
\c@figure=\count85
\c@table=\count86
\abovecaptionskip=\skip41
\belowcaptionskip=\skip42
\bibindent=\dimen102
)
(/usr/share/texlive/texmf-dist/tex/latex/velthuis/devanagari.sty
Package: devanagari 2009/02/09 v2.15 LaTeX macros for Velthuis Devanagari
\dev@chnum=\count87
\itdim=\dimen103
\anudep=\dimen104
\anuwid=\dimen105
) (./skt.aux)
\openout1 = `skt.aux'.

LaTeX Font Info:    Checking defaults for OML/cmm/m/it on input line 6.
LaTeX Font Info:    ... okay on input line 6.
LaTeX Font Info:    Checking defaults for T1/cmr/m/n on input line 6.
LaTeX Font Info:    ... okay on input line 6.
LaTeX Font Info:    Checking defaults for OT1/cmr/m/n on input line 6.
LaTeX Font Info:    ... okay on input line 6.
LaTeX Font Info:    Checking defaults for OMS/cmsy/m/n on input line 6.
LaTeX Font Info:    ... okay on input line 6.
LaTeX Font Info:    Checking defaults for OMX/cmex/m/n on input line 6.
LaTeX Font Info:    ... okay on input line 6.
LaTeX Font Info:    Checking defaults for U/dn/m/n on input line 6.
LaTeX Font Info:    Try loading font information for U+dn on input line 6.

(/usr/share/texlive/texmf-dist/tex/latex/velthuis/udn.fd
File: Udn.fd 2004/08/03 v2.14
)
LaTeX Font Info:    ... okay on input line 6.
LaTeX Font Info:    External font `cmex10' loaded for size
(Font)              <14.4> on input line 7.
LaTeX Font Info:    External font `cmex10' loaded for size
(Font)              <7> on input line 7.
)
! Emergency stop.
<*> skt.tex
           
*** (job aborted, no legal \end found)

 
Here is how much of TeX's memory you used:
 396 strings out of 492982
 4252 string characters out of 6134896
 57777 words of memory out of 5000000
 4040 multiletter control sequences out of 15000+600000
 5892 words of font info for 21 fonts, out of 8000000 for 9000
 1141 hyphenation exceptions out of 8191
 22i,7n,19p,132b,352s stack positions out of 5000i,500n,10000p,200000b,80000s
!  ==> Fatal error occurred, no output PDF file produced!
